Determining if the pthread_create exist failed with the following output:
Change Dir: /home/dmitry/Snake/CMakeFiles/CMakeTmp

Run Build Command:"/usr/bin/make" "cmTC_9e784/fast"
/usr/bin/make -f CMakeFiles/cmTC_9e784.dir/build.make CMakeFiles/cmTC_9e784.dir/build
make[1]: Entering directory '/home/dmitry/Snake/CMakeFiles/CMakeTmp'
Building C object CMakeFiles/cmTC_9e784.dir/CheckSymbolExists.c.o
/usr/bin/cc    -fPIC    -o CMakeFiles/cmTC_9e784.dir/CheckSymbolExists.c.o   -c /home/dmitry/Snake/CMakeFiles/CMakeTmp/CheckSymbolExists.c
Linking C executable cmTC_9e784
/usr/bin/cmake -E cmake_link_script CMakeFiles/cmTC_9e784.dir/link.txt --verbose=1
/usr/bin/cc  -fPIC     CMakeFiles/cmTC_9e784.dir/CheckSymbolExists.c.o  -o cmTC_9e784 -rdynamic 
CMakeFiles/cmTC_9e784.dir/CheckSymbolExists.c.o: In function `main':
CheckSymbolExists.c:(.text+0x1b): undefined reference to `pthread_create'
collect2: error: ld returned 1 exit status
CMakeFiles/cmTC_9e784.dir/build.make:97: recipe for target 'cmTC_9e784' failed
make[1]: *** [cmTC_9e784] Error 1
make[1]: Leaving directory '/home/dmitry/Snake/CMakeFiles/CMakeTmp'
Makefile:126: recipe for target 'cmTC_9e784/fast' failed
make: *** [cmTC_9e784/fast] Error 2

File /home/dmitry/Snake/CMakeFiles/CMakeTmp/CheckSymbolExists.c:
/* */
#include <pthread.h>

int main(int argc, char** argv)
{
  (void)argv;
#ifndef pthread_create
  return ((int*)(&pthread_create))[argc];
#else
  (void)argc;
  return 0;
#endif
}

Determining if the function pthread_create exists in the pthreads failed with the following output:
Change Dir: /home/dmitry/Snake/CMakeFiles/CMakeTmp

Run Build Command:"/usr/bin/make" "cmTC_820db/fast"
/usr/bin/make -f CMakeFiles/cmTC_820db.dir/build.make CMakeFiles/cmTC_820db.dir/build
make[1]: Entering directory '/home/dmitry/Snake/CMakeFiles/CMakeTmp'
Building C object CMakeFiles/cmTC_820db.dir/CheckFunctionExists.c.o
/usr/bin/cc    -fPIC -DCHECK_FUNCTION_EXISTS=pthread_create   -o CMakeFiles/cmTC_820db.dir/CheckFunctionExists.c.o   -c /usr/share/cmake-3.5/Modules/CheckFunctionExists.c
Linking C executable cmTC_820db
/usr/bin/cmake -E cmake_link_script CMakeFiles/cmTC_820db.dir/link.txt --verbose=1
/usr/bin/cc  -fPIC -DCHECK_FUNCTION_EXISTS=pthread_create    CMakeFiles/cmTC_820db.dir/CheckFunctionExists.c.o  -o cmTC_820db -rdynamic -lpthreads 
/usr/bin/ld: cannot find -lpthreads
collect2: error: ld returned 1 exit status
CMakeFiles/cmTC_820db.dir/build.make:97: recipe for target 'cmTC_820db' failed
make[1]: *** [cmTC_820db] Error 1
make[1]: Leaving directory '/home/dmitry/Snake/CMakeFiles/CMakeTmp'
Makefile:126: recipe for target 'cmTC_820db/fast' failed
make: *** [cmTC_820db/fast] Error 2


